2022-02-04 20:55:15:MyKeyHook:DEBUG:hooked...
2022-02-04 20:55:15:MyKeyHook:DEBUG:install success...
2022-02-04 20:55:55:MyKeyHook:DEBUG:hooked...
2022-02-04 20:55:55:MyKeyHook:DEBUG:install success...
2022-02-04 20:57:22:MyKeyHook:DEBUG:hooked...
2022-02-04 20:57:22:MyKeyHook:DEBUG:install success...
2022-02-04 20:58:45:MyKeyHook:DEBUG:hooked...
2022-02-04 20:58:45:MyKeyHook:DEBUG:install success...
2022-02-04 21:00:29:MyKeyHook:DEBUG:hooked...
2022-02-04 21:00:29:MyKeyHook:DEBUG:install success...
2022-02-04 21:01:29:MyKeyHook:DEBUG:hooked...
2022-02-04 21:01:29:MyKeyHook:DEBUG:install success...
2022-02-04 21:01:34:MyKeyHook:DEBUG:* 노트패드 열기
2022-02-04 21:01:34:MyKeyHook:DEBUG:* Ctrl+Shif + V
2022-02-04 21:01:34:MyKeyHook:DEBUG:* 노트패드 열기
2022-02-04 21:01:37:MyKeyHook:DEBUG:* 노트패드 열기
2022-02-04 21:01:37:MyKeyHook:DEBUG:* Ctrl+Shif + V
2022-02-04 21:01:37:MyKeyHook:DEBUG:* 노트패드 열기
2022-02-04 21:01:39:MyKeyHook:DEBUG:* 노트패드 열기
2022-02-04 21:01:39:MyKeyHook:DEBUG:* Ctrl+Shif + V
2022-02-04 21:01:39:MyKeyHook:DEBUG:* 노트패드 열기
2022-02-04 21:01:40:MyKeyHook:DEBUG:* 노트패드 열기
2022-02-04 21:01:40:MyKeyHook:DEBUG:* Ctrl+Shif + V
2022-02-04 21:01:40:MyKeyHook:DEBUG:* 노트패드 열기
2022-02-04 21:01:40:MyKeyHook:DEBUG:* Ctrl+Shif + V
2022-02-04 21:01:40:MyKeyHook:DEBUG:* 노트패드 열기
2022-02-04 21:01:41:MyKeyHook:DEBUG:* Ctrl+Shif + V
2022-02-04 21:01:41:MyKeyHook:DEBUG:* 노트패드 열기
2022-02-04 21:01:41:MyKeyHook:DEBUG:* Ctrl+Shif + V
2022-02-04 21:01:41:MyKeyHook:DEBUG:* 노트패드 열기
2022-02-04 21:06:30:MyKeyHook:DEBUG:uninstall hook...
2022-02-04 21:06:32:MyKeyHook:DEBUG:hooked...
2022-02-04 21:06:32:MyKeyHook:DEBUG:install success...
2022-02-04 21:06:39:MyKeyHook:DEBUG:* Ctrl+Shif + V
2022-02-04 21:06:41:MyKeyHook:DEBUG:* Ctrl+Shif + V
2022-02-04 21:06:41:MyKeyHook:DEBUG:* Ctrl+Shif + V
2022-02-04 21:06:41:MyKeyHook:DEBUG:* Ctrl+Shif + V
2022-02-04 21:06:41:MyKeyHook:DEBUG:* Ctrl+Shif + V
2022-02-04 21:06:43:MyKeyHook:DEBUG:* 노트패드 열기
2022-02-04 21:06:44:MyKeyHook:DEBUG:* 노트패드 열기
2022-02-04 21:06:44:MyKeyHook:DEBUG:* 노트패드 열기
2022-02-04 21:06:44:MyKeyHook:DEBUG:* 노트패드 열기
2022-02-04 21:06:44:MyKeyHook:DEBUG:* 노트패드 열기
2022-02-04 21:06:45:MyKeyHook:DEBUG:* 노트패드 열기
2022-02-04 21:06:45:MyKeyHook:DEBUG:* 노트패드 열기
2022-02-04 21:06:45:MyKeyHook:DEBUG:* 노트패드 열기
2022-02-04 21:06:45:MyKeyHook:DEBUG:* 노트패드 열기
2022-02-04 21:06:45:MyKeyHook:DEBUG:* 노트패드 열기
2022-02-04 21:07:06:MyKeyHook:DEBUG:* Ctrl+Shif + V
2022-02-04 21:07:07:MyKeyHook:DEBUG:* Ctrl+Shif + V
2022-02-04 21:07:07:MyKeyHook:DEBUG:* Ctrl+Shif + V
2022-02-04 21:07:07:MyKeyHook:DEBUG:* Ctrl+Shif + V
2022-02-04 21:07:07:MyKeyHook:DEBUG:* Ctrl+Shif + V
2022-02-04 21:07:07:MyKeyHook:DEBUG:* Ctrl+Shif + V
2022-02-04 21:07:07:MyKeyHook:DEBUG:* Ctrl+Shif + V
2022-02-04 21:07:07:MyKeyHook:DEBUG:* Ctrl+Shif + V
2022-02-04 21:07:07:MyKeyHook:DEBUG:* Ctrl+Shif + V
2022-02-04 21:07:07:MyKeyHook:DEBUG:* Ctrl+Shif + V
2022-02-04 21:07:07:MyKeyHook:DEBUG:* Ctrl+Shif + V
2022-02-04 21:07:07:MyKeyHook:DEBUG:* Ctrl+Shif + V
2022-02-04 21:07:07:MyKeyHook:DEBUG:* Ctrl+Shif + V
2022-02-04 21:07:07:MyKeyHook:DEBUG:* Ctrl+Shif + V
2022-02-04 21:07:07:MyKeyHook:DEBUG:* Ctrl+Shif + V
2022-02-04 21:07:07:MyKeyHook:DEBUG:* Ctrl+Shif + V
2022-02-04 21:07:07:MyKeyHook:DEBUG:* Ctrl+Shif + V
2022-02-04 21:07:07:MyKeyHook:DEBUG:* Ctrl+Shif + V
2022-02-04 21:07:07:MyKeyHook:DEBUG:* Ctrl+Shif + V
2022-02-04 21:07:07:MyKeyHook:DEBUG:* Ctrl+Shif + V
2022-02-04 21:07:08:MyKeyHook:DEBUG:* Ctrl+Shif + V
2022-02-04 21:07:08:MyKeyHook:DEBUG:* Ctrl+Shif + V
2022-02-04 21:07:08:MyKeyHook:DEBUG:* Ctrl+Shif + V
2022-02-04 21:07:08:MyKeyHook:DEBUG:* Ctrl+Shif + V
2022-02-04 21:07:08:MyKeyHook:DEBUG:* Ctrl+Shif + V
2022-02-04 21:07:08:MyKeyHook:DEBUG:* Ctrl+Shif + V
2022-02-04 21:07:08:MyKeyHook:DEBUG:* Ctrl+Shif + V
2022-02-04 21:07:08:MyKeyHook:DEBUG:* Ctrl+Shif + V
2022-02-04 21:07:08:MyKeyHook:DEBUG:* Ctrl+Shif + V
2022-02-04 21:07:08:MyKeyHook:DEBUG:* Ctrl+Shif + V
2022-02-04 21:07:08:MyKeyHook:DEBUG:* Ctrl+Shif + V
2022-02-04 21:07:08:MyKeyHook:DEBUG:* Ctrl+Shif + V
2022-02-04 21:07:08:MyKeyHook:DEBUG:* Ctrl+Shif + V
2022-02-04 21:07:08:MyKeyHook:DEBUG:* Ctrl+Shif + V
2022-02-04 21:07:08:MyKeyHook:DEBUG:* Ctrl+Shif + V
2022-02-04 21:07:08:MyKeyHook:DEBUG:* Ctrl+Shif + V
2022-02-04 21:07:08:MyKeyHook:DEBUG:* Ctrl+Shif + V
2022-02-04 21:07:08:MyKeyHook:DEBUG:* Ctrl+Shif + V
2022-02-04 21:07:08:MyKeyHook:DEBUG:* Ctrl+Shif + V
2022-02-04 21:07:08:MyKeyHook:DEBUG:* Ctrl+Shif + V
2022-02-04 21:07:08:MyKeyHook:DEBUG:* Ctrl+Shif + V
2022-02-04 21:07:08:MyKeyHook:DEBUG:* Ctrl+Shif + V
2022-02-04 21:07:08:MyKeyHook:DEBUG:* Ctrl+Shif + V
2022-02-04 21:07:08:MyKeyHook:DEBUG:* Ctrl+Shif + V
2022-02-04 21:07:08:MyKeyHook:DEBUG:* Ctrl+Shif + V
2022-02-04 21:07:08:MyKeyHook:DEBUG:* Ctrl+Shif + V
2022-02-04 21:07:08:MyKeyHook:DEBUG:* Ctrl+Shif + V
2022-02-04 21:07:08:MyKeyHook:DEBUG:* Ctrl+Shif + V
2022-02-04 21:07:08:MyKeyHook:DEBUG:* Ctrl+Shif + V
2022-02-04 21:07:08:MyKeyHook:DEBUG:* Ctrl+Shif + V
2022-02-04 21:07:09:MyKeyHook:DEBUG:* Ctrl+Shif + V
2022-02-04 21:07:09:MyKeyHook:DEBUG:* Ctrl+Shif + V
2022-02-04 21:07:09:MyKeyHook:DEBUG:* Ctrl+Shif + V
2022-02-04 21:07:09:MyKeyHook:DEBUG:* Ctrl+Shif + V
2022-02-04 21:07:09:MyKeyHook:DEBUG:* Ctrl+Shif + V
2022-02-04 21:07:09:MyKeyHook:DEBUG:* Ctrl+Shif + V
2022-02-04 21:07:09:MyKeyHook:DEBUG:* Ctrl+Shif + V
2022-02-04 21:07:09:MyKeyHook:DEBUG:* Ctrl+Shif + V
2022-02-04 21:07:09:MyKeyHook:DEBUG:* Ctrl+Shif + V
2022-02-04 21:07:09:MyKeyHook:DEBUG:* Ctrl+Shif + V
2022-02-04 21:07:09:MyKeyHook:DEBUG:* Ctrl+Shif + V
2022-02-04 21:07:09:MyKeyHook:DEBUG:* Ctrl+Shif + V
2022-02-04 21:07:09:MyKeyHook:DEBUG:* Ctrl+Shif + V
2022-02-04 21:07:09:MyKeyHook:DEBUG:* Ctrl+Shif + V
2022-02-04 21:07:09:MyKeyHook:DEBUG:* Ctrl+Shif + V
2022-02-04 21:07:09:MyKeyHook:DEBUG:* Ctrl+Shif + V
2022-02-04 21:07:09:MyKeyHook:DEBUG:* Ctrl+Shif + V
2022-02-04 21:07:09:MyKeyHook:DEBUG:* Ctrl+Shif + V
2022-02-04 21:07:09:MyKeyHook:DEBUG:* Ctrl+Shif + V
2022-02-04 21:07:09:MyKeyHook:DEBUG:* Ctrl+Shif + V
2022-02-04 21:07:09:MyKeyHook:DEBUG:* Ctrl+Shif + V
2022-02-04 21:07:09:MyKeyHook:DEBUG:* Ctrl+Shif + V
2022-02-04 21:07:09:MyKeyHook:DEBUG:* Ctrl+Shif + V
2022-02-04 21:07:09:MyKeyHook:DEBUG:* Ctrl+Shif + V
2022-02-04 21:07:09:MyKeyHook:DEBUG:* Ctrl+Shif + V
2022-02-04 21:07:09:MyKeyHook:DEBUG:* Ctrl+Shif + V
2022-02-04 21:07:09:MyKeyHook:DEBUG:* Ctrl+Shif + V
2022-02-04 21:07:09:MyKeyHook:DEBUG:* Ctrl+Shif + V
2022-02-04 21:07:09:MyKeyHook:DEBUG:* Ctrl+Shif + V
2022-02-04 21:07:09:MyKeyHook:DEBUG:* Ctrl+Shif + V
2022-02-04 21:07:10:MyKeyHook:DEBUG:* 노트패드 열기
2022-02-04 21:07:10:MyKeyHook:DEBUG:* 노트패드 열기
2022-02-04 21:07:10:MyKeyHook:DEBUG:* 노트패드 열기
2022-02-04 21:07:10:MyKeyHook:DEBUG:* 노트패드 열기
2022-02-04 21:07:10:MyKeyHook:DEBUG:* 노트패드 열기
2022-02-04 21:07:10:MyKeyHook:DEBUG:* 노트패드 열기
2022-02-04 21:07:10:MyKeyHook:DEBUG:* 노트패드 열기
2022-02-04 21:07:10:MyKeyHook:DEBUG:* 노트패드 열기
2022-02-04 21:07:10:MyKeyHook:DEBUG:* 노트패드 열기
2022-02-04 21:07:10:MyKeyHook:DEBUG:* 노트패드 열기
2022-02-04 21:07:10:MyKeyHook:DEBUG:* 노트패드 열기
2022-02-04 21:07:10:MyKeyHook:DEBUG:* 노트패드 열기
2022-02-04 21:07:11:MyKeyHook:DEBUG:* 노트패드 열기
2022-02-04 21:07:11:MyKeyHook:DEBUG:* 노트패드 열기
2022-02-04 21:07:11:MyKeyHook:DEBUG:* 노트패드 열기
2022-02-04 21:07:11:MyKeyHook:DEBUG:* 노트패드 열기
2022-02-04 21:07:11:MyKeyHook:DEBUG:* 노트패드 열기
2022-02-04 21:07:11:MyKeyHook:DEBUG:* 노트패드 열기
2022-02-04 21:07:11:MyKeyHook:DEBUG:* 노트패드 열기
2022-02-04 21:07:11:MyKeyHook:DEBUG:* 노트패드 열기
2022-02-04 21:07:11:MyKeyHook:DEBUG:* 노트패드 열기
2022-02-04 21:07:11:MyKeyHook:DEBUG:* 노트패드 열기
2022-02-04 21:07:11:MyKeyHook:DEBUG:* 노트패드 열기
2022-02-04 21:07:11:MyKeyHook:DEBUG:* 노트패드 열기
2022-02-04 21:07:11:MyKeyHook:DEBUG:* 노트패드 열기
2022-02-04 21:07:11:MyKeyHook:DEBUG:* 노트패드 열기
2022-02-04 21:07:11:MyKeyHook:DEBUG:* 노트패드 열기
2022-02-04 21:07:12:MyKeyHook:DEBUG:* 노트패드 열기
2022-02-04 21:07:12:MyKeyHook:DEBUG:* 노트패드 열기
2022-02-04 21:07:12:MyKeyHook:DEBUG:* 노트패드 열기
2022-02-04 21:07:12:MyKeyHook:DEBUG:* 노트패드 열기
2022-02-04 21:07:12:MyKeyHook:DEBUG:* 노트패드 열기
2022-02-04 21:07:12:MyKeyHook:DEBUG:* 노트패드 열기
2022-02-04 21:07:12:MyKeyHook:DEBUG:* 노트패드 열기
2022-02-04 21:07:12:MyKeyHook:DEBUG:* 노트패드 열기
2022-02-04 21:07:12:MyKeyHook:DEBUG:* 노트패드 열기
2022-02-04 21:07:12:MyKeyHook:DEBUG:* 노트패드 열기
2022-02-04 21:07:12:MyKeyHook:DEBUG:* 노트패드 열기
2022-02-04 21:07:12:MyKeyHook:DEBUG:* 노트패드 열기
2022-02-04 21:07:12:MyKeyHook:DEBUG:* 노트패드 열기
2022-02-04 21:07:13:MyKeyHook:DEBUG:* 노트패드 열기
2022-02-04 21:07:13:MyKeyHook:DEBUG:* 노트패드 열기
2022-02-04 21:07:13:MyKeyHook:DEBUG:* 노트패드 열기
2022-02-04 21:07:13:MyKeyHook:DEBUG:* 노트패드 열기
2022-02-04 21:07:13:MyKeyHook:DEBUG:* 노트패드 열기
2022-02-04 21:07:13:MyKeyHook:DEBUG:* 노트패드 열기
2022-02-04 21:07:13:MyKeyHook:DEBUG:* 노트패드 열기
2022-02-04 21:07:13:MyKeyHook:DEBUG:* 노트패드 열기
2022-02-04 21:07:13:MyKeyHook:DEBUG:* 노트패드 열기
2022-02-04 21:07:13:MyKeyHook:DEBUG:* 노트패드 열기
2022-02-04 21:07:13:MyKeyHook:DEBUG:* 노트패드 열기
2022-02-04 21:07:13:MyKeyHook:DEBUG:* 노트패드 열기
2022-02-04 21:07:14:MyKeyHook:DEBUG:* 노트패드 열기
2022-02-04 21:07:14:MyKeyHook:DEBUG:* 노트패드 열기
2022-02-04 21:07:14:MyKeyHook:DEBUG:* 노트패드 열기
2022-02-04 21:07:14:MyKeyHook:DEBUG:* 노트패드 열기
2022-02-04 21:07:14:MyKeyHook:DEBUG:* 노트패드 열기
2022-02-04 21:07:14:MyKeyHook:DEBUG:* 노트패드 열기
2022-02-04 21:07:14:MyKeyHook:DEBUG:* 노트패드 열기
2022-02-04 21:07:14:MyKeyHook:DEBUG:* 노트패드 열기
2022-02-04 21:07:14:MyKeyHook:DEBUG:* 노트패드 열기
2022-02-04 21:07:14:MyKeyHook:DEBUG:* 노트패드 열기
2022-02-04 21:07:14:MyKeyHook:DEBUG:* 노트패드 열기
2022-02-04 21:07:14:MyKeyHook:DEBUG:* 노트패드 열기
2022-02-04 21:07:14:MyKeyHook:DEBUG:* 노트패드 열기
2022-02-04 21:07:14:MyKeyHook:DEBUG:* 노트패드 열기
2022-02-04 21:07:15:MyKeyHook:DEBUG:* 노트패드 열기
2022-02-04 21:07:15:MyKeyHook:DEBUG:* 노트패드 열기
2022-02-04 21:07:15:MyKeyHook:DEBUG:* 노트패드 열기
2022-02-04 21:07:15:MyKeyHook:DEBUG:* 노트패드 열기
2022-02-04 21:07:15:MyKeyHook:DEBUG:* 노트패드 열기
2022-02-04 21:07:15:MyKeyHook:DEBUG:* 노트패드 열기
2022-02-04 21:07:15:MyKeyHook:DEBUG:* 노트패드 열기
2022-02-04 21:07:15:MyKeyHook:DEBUG:* 노트패드 열기
2022-02-04 21:07:15:MyKeyHook:DEBUG:* 노트패드 열기
2022-02-04 21:07:16:MyKeyHook:DEBUG:* 노트패드 열기
2022-02-04 21:07:16:MyKeyHook:DEBUG:* 노트패드 열기
2022-02-04 21:07:16:MyKeyHook:DEBUG:* 노트패드 열기
2022-02-04 21:07:17:MyKeyHook:DEBUG:* 노트패드 열기
2022-02-04 21:07:17:MyKeyHook:DEBUG:* 노트패드 열기
2022-02-04 21:07:17:MyKeyHook:DEBUG:* 노트패드 열기
2022-02-04 21:07:17:MyKeyHook:DEBUG:* 노트패드 열기
2022-02-04 21:07:17:MyKeyHook:DEBUG:* 노트패드 열기
2022-02-04 21:07:17:MyKeyHook:DEBUG:* 노트패드 열기
2022-02-04 21:07:18:MyKeyHook:DEBUG:* 노트패드 열기
2022-02-04 21:07:18:MyKeyHook:DEBUG:* 노트패드 열기
2022-02-04 21:07:18:MyKeyHook:DEBUG:* 노트패드 열기
2022-02-04 21:07:18:MyKeyHook:DEBUG:* 노트패드 열기
2022-02-04 21:07:18:MyKeyHook:DEBUG:* 노트패드 열기
2022-02-04 21:07:18:MyKeyHook:DEBUG:* 노트패드 열기
2022-02-04 21:07:18:MyKeyHook:DEBUG:* 노트패드 열기
2022-02-04 21:07:18:MyKeyHook:DEBUG:* 노트패드 열기
2022-02-04 21:07:19:MyKeyHook:DEBUG:* 노트패드 열기
2022-02-04 21:07:19:MyKeyHook:DEBUG:* 노트패드 열기
2022-02-04 21:07:19:MyKeyHook:DEBUG:* 노트패드 열기
2022-02-04 21:07:19:MyKeyHook:DEBUG:* 노트패드 열기
2022-02-04 21:07:19:MyKeyHook:DEBUG:* 노트패드 열기
2022-02-04 21:07:19:MyKeyHook:DEBUG:* 노트패드 열기
2022-02-04 21:07:19:MyKeyHook:DEBUG:* 노트패드 열기
2022-02-04 21:07:19:MyKeyHook:DEBUG:* 노트패드 열기
2022-02-04 21:07:20:MyKeyHook:DEBUG:* 노트패드 열기
2022-02-04 21:07:20:MyKeyHook:DEBUG:* 노트패드 열기
2022-02-04 21:07:20:MyKeyHook:DEBUG:* 노트패드 열기
2022-02-04 21:07:20:MyKeyHook:DEBUG:* 노트패드 열기
2022-02-04 21:07:20:MyKeyHook:DEBUG:* 노트패드 열기
2022-02-04 21:07:20:MyKeyHook:DEBUG:* 노트패드 열기
2022-02-04 21:07:20:MyKeyHook:DEBUG:* 노트패드 열기
2022-02-04 21:07:20:MyKeyHook:DEBUG:* 노트패드 열기
2022-02-04 21:07:21:MyKeyHook:DEBUG:* 노트패드 열기
2022-02-04 21:07:21:MyKeyHook:DEBUG:* 노트패드 열기
2022-02-04 21:07:21:MyKeyHook:DEBUG:* 노트패드 열기
2022-02-04 21:07:21:MyKeyHook:DEBUG:* 노트패드 열기
2022-02-04 21:07:21:MyKeyHook:DEBUG:* 노트패드 열기
2022-02-04 21:07:21:MyKeyHook:DEBUG:* 노트패드 열기
2022-02-04 21:07:21:MyKeyHook:DEBUG:* 노트패드 열기
2022-02-04 21:07:21:MyKeyHook:DEBUG:* 노트패드 열기
2022-02-04 21:07:22:MyKeyHook:DEBUG:* 노트패드 열기
2022-02-04 21:07:22:MyKeyHook:DEBUG:* 노트패드 열기
2022-02-04 21:07:22:MyKeyHook:DEBUG:* 노트패드 열기
2022-02-04 21:07:22:MyKeyHook:DEBUG:* 노트패드 열기
2022-02-04 21:07:22:MyKeyHook:DEBUG:* 노트패드 열기
2022-02-04 21:07:22:MyKeyHook:DEBUG:* 노트패드 열기
2022-02-04 21:07:22:MyKeyHook:DEBUG:* 노트패드 열기
2022-02-04 21:07:23:MyKeyHook:DEBUG:* 노트패드 열기
2022-02-04 21:07:23:MyKeyHook:DEBUG:* 노트패드 열기
2022-02-04 21:07:23:MyKeyHook:DEBUG:* 노트패드 열기
2022-02-04 21:07:23:MyKeyHook:DEBUG:* 노트패드 열기
2022-02-04 21:07:23:MyKeyHook:DEBUG:* 노트패드 열기
2022-02-04 21:07:24:MyKeyHook:DEBUG:* 노트패드 열기
2022-02-04 21:07:24:MyKeyHook:DEBUG:* 노트패드 열기
2022-02-04 21:07:24:MyKeyHook:DEBUG:* 노트패드 열기
2022-02-04 21:07:24:MyKeyHook:DEBUG:* 노트패드 열기
2022-02-04 21:07:24:MyKeyHook:DEBUG:* 노트패드 열기
2022-02-04 21:07:24:MyKeyHook:DEBUG:* 노트패드 열기
2022-02-04 21:07:24:MyKeyHook:DEBUG:* 노트패드 열기
2022-02-04 21:07:24:MyKeyHook:DEBUG:* 노트패드 열기
2022-02-04 21:07:24:MyKeyHook:DEBUG:* 노트패드 열기
2022-02-04 21:07:24:MyKeyHook:DEBUG:* 노트패드 열기
2022-02-04 21:07:24:MyKeyHook:DEBUG:* 노트패드 열기
2022-02-04 21:07:25:MyKeyHook:DEBUG:* 노트패드 열기
2022-02-04 21:07:25:MyKeyHook:DEBUG:* 노트패드 열기
2022-02-04 21:07:25:MyKeyHook:DEBUG:* 노트패드 열기
2022-02-04 21:07:25:MyKeyHook:DEBUG:* 노트패드 열기
2022-02-04 21:07:25:MyKeyHook:DEBUG:* 노트패드 열기
2022-02-04 21:07:25:MyKeyHook:DEBUG:* 노트패드 열기
2022-02-04 21:07:25:MyKeyHook:DEBUG:* 노트패드 열기
2022-02-04 21:07:25:MyKeyHook:DEBUG:* 노트패드 열기
2022-02-04 21:07:26:MyKeyHook:DEBUG:* 노트패드 열기
2022-02-04 21:07:26:MyKeyHook:DEBUG:* 노트패드 열기
2022-02-04 21:07:26:MyKeyHook:DEBUG:* 노트패드 열기
2022-02-04 21:07:26:MyKeyHook:DEBUG:* 노트패드 열기
2022-02-04 21:07:26:MyKeyHook:DEBUG:* 노트패드 열기
2022-02-04 21:07:26:MyKeyHook:DEBUG:* 노트패드 열기
2022-02-04 21:07:26:MyKeyHook:DEBUG:* 노트패드 열기
2022-02-04 21:07:26:MyKeyHook:DEBUG:* 노트패드 열기
2022-02-04 21:07:26:MyKeyHook:DEBUG:* 노트패드 열기
2022-02-04 21:07:26:MyKeyHook:DEBUG:* 노트패드 열기
2022-02-04 21:07:26:MyKeyHook:DEBUG:* 노트패드 열기
2022-02-04 21:07:26:MyKeyHook:DEBUG:* 노트패드 열기
2022-02-04 21:07:26:MyKeyHook:DEBUG:* 노트패드 열기
2022-02-04 21:07:26:MyKeyHook:DEBUG:* 노트패드 열기
2022-02-04 21:07:27:MyKeyHook:DEBUG:* 노트패드 열기
2022-02-04 21:07:27:MyKeyHook:DEBUG:* 노트패드 열기
2022-02-04 21:07:27:MyKeyHook:DEBUG:* 노트패드 열기
2022-02-04 21:07:27:MyKeyHook:DEBUG:* 노트패드 열기
2022-02-04 21:07:27:MyKeyHook:DEBUG:* 노트패드 열기
2022-02-04 21:07:27:MyKeyHook:DEBUG:* 노트패드 열기
2022-02-04 21:07:27:MyKeyHook:DEBUG:* 노트패드 열기
2022-02-04 21:07:27:MyKeyHook:DEBUG:* 노트패드 열기
2022-02-04 21:07:27:MyKeyHook:DEBUG:* 노트패드 열기
2022-02-04 21:07:27:MyKeyHook:DEBUG:* 노트패드 열기
2022-02-04 21:07:27:MyKeyHook:DEBUG:* 노트패드 열기
2022-02-04 21:07:27:MyKeyHook:DEBUG:* 노트패드 열기
2022-02-04 21:07:27:MyKeyHook:DEBUG:* 노트패드 열기
2022-02-04 21:07:27:MyKeyHook:DEBUG:* 노트패드 열기
2022-02-04 21:07:28:MyKeyHook:DEBUG:* 노트패드 열기
2022-02-04 21:07:28:MyKeyHook:DEBUG:* 노트패드 열기
2022-02-04 21:07:28:MyKeyHook:DEBUG:* 노트패드 열기
2022-02-04 21:07:28:MyKeyHook:DEBUG:* 노트패드 열기
2022-02-04 21:07:28:MyKeyHook:DEBUG:* 노트패드 열기
2022-02-04 21:07:28:MyKeyHook:DEBUG:* 노트패드 열기
2022-02-04 21:07:28:MyKeyHook:DEBUG:* 노트패드 열기
